<?xml version="1.0" encoding="UTF-8"?>
<testng-results ignored="0" total="1" passed="1" failed="0" skipped="0">
  <reporter-output>
  </reporter-output>
  <suite started-at="2024-05-25T18:30:22 IST" name="Default suite" finished-at="2024-05-25T18:30:27 IST" duration-ms="5173">
    <groups>
    </groups>
    <test started-at="2024-05-25T18:30:22 IST" name="Default test" finished-at="2024-05-25T18:30:27 IST" duration-ms="5173">
      <class name="qawingifytestfile.Senario_1">
        <test-method is-config="true" signature="Lounch()[pri:0, instance:qawingifytestfile.Senario_1@25084a1e]" started-at="2024-05-25T18:30:22 IST" name="Lounch" finished-at="2024-05-25T18:30:24 IST" duration-ms="2368" status="PASS">
          <reporter-output>
          </reporter-output>
        </test-method> <!-- Lounch -->
        <test-method signature="end_to_end()[pri:0, instance:qawingifytestfile.Senario_1@25084a1e]" started-at="2024-05-25T18:30:24 IST" name="end_to_end" finished-at="2024-05-25T18:30:25 IST" duration-ms="571" status="PASS">
          <reporter-output>
          </reporter-output>
        </test-method> <!-- end_to_end -->
        <test-method is-config="true" signature="quit()[pri:0, instance:qawingifytestfile.Senario_1@25084a1e]" started-at="2024-05-25T18:30:25 IST" name="quit" finished-at="2024-05-25T18:30:27 IST" duration-ms="2207" status="PASS">
          <reporter-output>
          </reporter-output>
        </test-method> <!-- quit -->
      </class> <!-- qawingifytestfile.Senario_1 -->
    </test> <!-- Default test -->
  </suite> <!-- Default suite -->
</testng-results>
